[2025-09-18T15:46:01.743Z] ERROR: Error: Cannot set headers after they are sent to the client
    at ServerResponse.setHeader (node:_http_outgoing:699:11)
    at ServerResponse.header (C:\Users\Admin\Desktop\Founder_Institute_StartUp\proof-of-ship\pack-pal-monorepo\node_modules\.pnpm\express@5.1.0\node_modules\express\lib\response.js:684:10)
    at ServerResponse.send (C:\Users\Admin\Desktop\Founder_Institute_StartUp\proof-of-ship\pack-pal-monorepo\node_modules\.pnpm\express@5.1.0\node_modules\express\lib\response.js:161:12)
    at ServerResponse.json (C:\Users\Admin\Desktop\Founder_Institute_StartUp\proof-of-ship\pack-pal-monorepo\node_modules\.pnpm\express@5.1.0\node_modules\express\lib\response.js:250:15)
    at C:\Users\Admin\Desktop\Founder_Institute_StartUp\proof-of-ship\pack-pal-monorepo\apps\backend\src\modules\controllers\auth.controller.ts:122:25
    at processTicksAndRejections (node:internal/process/task_queues:105:5)
[2025-09-18T15:46:28.049Z] ERROR: Error: Cannot set headers after they are sent to the client
    at ServerResponse.setHeader (node:_http_outgoing:699:11)
    at ServerResponse.header (C:\Users\Admin\Desktop\Founder_Institute_StartUp\proof-of-ship\pack-pal-monorepo\node_modules\.pnpm\express@5.1.0\node_modules\express\lib\response.js:684:10)
    at ServerResponse.send (C:\Users\Admin\Desktop\Founder_Institute_StartUp\proof-of-ship\pack-pal-monorepo\node_modules\.pnpm\express@5.1.0\node_modules\express\lib\response.js:161:12)
    at ServerResponse.json (C:\Users\Admin\Desktop\Founder_Institute_StartUp\proof-of-ship\pack-pal-monorepo\node_modules\.pnpm\express@5.1.0\node_modules\express\lib\response.js:250:15)
    at C:\Users\Admin\Desktop\Founder_Institute_StartUp\proof-of-ship\pack-pal-monorepo\apps\backend\src\modules\controllers\auth.controller.ts:122:25
    at processTicksAndRejections (node:internal/process/task_queues:105:5)
[2025-09-18T15:46:33.182Z] ERROR: Error: Cannot set headers after they are sent to the client
    at ServerResponse.setHeader (node:_http_outgoing:699:11)
    at ServerResponse.header (C:\Users\Admin\Desktop\Founder_Institute_StartUp\proof-of-ship\pack-pal-monorepo\node_modules\.pnpm\express@5.1.0\node_modules\express\lib\response.js:684:10)
    at ServerResponse.send (C:\Users\Admin\Desktop\Founder_Institute_StartUp\proof-of-ship\pack-pal-monorepo\node_modules\.pnpm\express@5.1.0\node_modules\express\lib\response.js:161:12)
    at ServerResponse.json (C:\Users\Admin\Desktop\Founder_Institute_StartUp\proof-of-ship\pack-pal-monorepo\node_modules\.pnpm\express@5.1.0\node_modules\express\lib\response.js:250:15)
    at C:\Users\Admin\Desktop\Founder_Institute_StartUp\proof-of-ship\pack-pal-monorepo\apps\backend\src\modules\controllers\auth.controller.ts:122:25
    at processTicksAndRejections (node:internal/process/task_queues:105:5)
[2025-09-18T15:46:36.878Z] ERROR: Error: Cannot set headers after they are sent to the client
    at ServerResponse.setHeader (node:_http_outgoing:699:11)
    at ServerResponse.header (C:\Users\Admin\Desktop\Founder_Institute_StartUp\proof-of-ship\pack-pal-monorepo\node_modules\.pnpm\express@5.1.0\node_modules\express\lib\response.js:684:10)
    at ServerResponse.send (C:\Users\Admin\Desktop\Founder_Institute_StartUp\proof-of-ship\pack-pal-monorepo\node_modules\.pnpm\express@5.1.0\node_modules\express\lib\response.js:161:12)
    at ServerResponse.json (C:\Users\Admin\Desktop\Founder_Institute_StartUp\proof-of-ship\pack-pal-monorepo\node_modules\.pnpm\express@5.1.0\node_modules\express\lib\response.js:250:15)
    at C:\Users\Admin\Desktop\Founder_Institute_StartUp\proof-of-ship\pack-pal-monorepo\apps\backend\src\modules\controllers\auth.controller.ts:122:25
    at processTicksAndRejections (node:internal/process/task_queues:105:5)
[2025-09-18T15:47:18.666Z] ERROR: Error: Cannot set headers after they are sent to the client
    at ServerResponse.setHeader (node:_http_outgoing:699:11)
    at ServerResponse.header (C:\Users\Admin\Desktop\Founder_Institute_StartUp\proof-of-ship\pack-pal-monorepo\node_modules\.pnpm\express@5.1.0\node_modules\express\lib\response.js:684:10)
    at ServerResponse.send (C:\Users\Admin\Desktop\Founder_Institute_StartUp\proof-of-ship\pack-pal-monorepo\node_modules\.pnpm\express@5.1.0\node_modules\express\lib\response.js:161:12)
    at ServerResponse.json (C:\Users\Admin\Desktop\Founder_Institute_StartUp\proof-of-ship\pack-pal-monorepo\node_modules\.pnpm\express@5.1.0\node_modules\express\lib\response.js:250:15)
    at C:\Users\Admin\Desktop\Founder_Institute_StartUp\proof-of-ship\pack-pal-monorepo\apps\backend\src\modules\controllers\auth.controller.ts:122:25
    at processTicksAndRejections (node:internal/process/task_queues:105:5)
[2025-09-18T15:49:06.594Z] ERROR: Error: Cannot set headers after they are sent to the client
    at ServerResponse.setHeader (node:_http_outgoing:699:11)
    at ServerResponse.header (C:\Users\Admin\Desktop\Founder_Institute_StartUp\proof-of-ship\pack-pal-monorepo\node_modules\.pnpm\express@5.1.0\node_modules\express\lib\response.js:684:10)
    at ServerResponse.send (C:\Users\Admin\Desktop\Founder_Institute_StartUp\proof-of-ship\pack-pal-monorepo\node_modules\.pnpm\express@5.1.0\node_modules\express\lib\response.js:161:12)
    at ServerResponse.json (C:\Users\Admin\Desktop\Founder_Institute_StartUp\proof-of-ship\pack-pal-monorepo\node_modules\.pnpm\express@5.1.0\node_modules\express\lib\response.js:250:15)
    at C:\Users\Admin\Desktop\Founder_Institute_StartUp\proof-of-ship\pack-pal-monorepo\apps\backend\src\modules\controllers\auth.controller.ts:122:25
    at processTicksAndRejections (node:internal/process/task_queues:105:5)
[2025-09-19T13:24:03.930Z] ERROR: Error: Cannot set headers after they are sent to the client
    at ServerResponse.setHeader (node:_http_outgoing:699:11)
    at ServerResponse.header (C:\Users\Admin\Desktop\Founder_Institute_StartUp\proof-of-ship\pack-pal-monorepo\node_modules\.pnpm\express@5.1.0\node_modules\express\lib\response.js:684:10)
    at ServerResponse.send (C:\Users\Admin\Desktop\Founder_Institute_StartUp\proof-of-ship\pack-pal-monorepo\node_modules\.pnpm\express@5.1.0\node_modules\express\lib\response.js:161:12)
    at ServerResponse.json (C:\Users\Admin\Desktop\Founder_Institute_StartUp\proof-of-ship\pack-pal-monorepo\node_modules\.pnpm\express@5.1.0\node_modules\express\lib\response.js:250:15)
    at C:\Users\Admin\Desktop\Founder_Institute_StartUp\proof-of-ship\pack-pal-monorepo\apps\backend\src\modules\controllers\auth.controller.ts:122:25
    at processTicksAndRejections (node:internal/process/task_queues:105:5)
[2025-09-19T13:44:14.230Z] ERROR: Error: Cannot set headers after they are sent to the client
    at ServerResponse.setHeader (node:_http_outgoing:699:11)
    at ServerResponse.header (C:\Users\Admin\Desktop\Founder_Institute_StartUp\proof-of-ship\pack-pal-monorepo\node_modules\.pnpm\express@5.1.0\node_modules\express\lib\response.js:684:10)
    at ServerResponse.send (C:\Users\Admin\Desktop\Founder_Institute_StartUp\proof-of-ship\pack-pal-monorepo\node_modules\.pnpm\express@5.1.0\node_modules\express\lib\response.js:161:12)
    at ServerResponse.json (C:\Users\Admin\Desktop\Founder_Institute_StartUp\proof-of-ship\pack-pal-monorepo\node_modules\.pnpm\express@5.1.0\node_modules\express\lib\response.js:250:15)
    at C:\Users\Admin\Desktop\Founder_Institute_StartUp\proof-of-ship\pack-pal-monorepo\apps\backend\src\modules\controllers\auth.controller.ts:122:25
    at processTicksAndRejections (node:internal/process/task_queues:105:5)
[2025-09-19T13:44:19.950Z] ERROR: Error: Cannot set headers after they are sent to the client
    at ServerResponse.setHeader (node:_http_outgoing:699:11)
    at ServerResponse.header (C:\Users\Admin\Desktop\Founder_Institute_StartUp\proof-of-ship\pack-pal-monorepo\node_modules\.pnpm\express@5.1.0\node_modules\express\lib\response.js:684:10)
    at ServerResponse.send (C:\Users\Admin\Desktop\Founder_Institute_StartUp\proof-of-ship\pack-pal-monorepo\node_modules\.pnpm\express@5.1.0\node_modules\express\lib\response.js:161:12)
    at ServerResponse.json (C:\Users\Admin\Desktop\Founder_Institute_StartUp\proof-of-ship\pack-pal-monorepo\node_modules\.pnpm\express@5.1.0\node_modules\express\lib\response.js:250:15)
    at C:\Users\Admin\Desktop\Founder_Institute_StartUp\proof-of-ship\pack-pal-monorepo\apps\backend\src\modules\controllers\auth.controller.ts:122:25
    at processTicksAndRejections (node:internal/process/task_queues:105:5)
[2025-09-21T09:31:36.600Z] ERROR: Error: Cannot set headers after they are sent to the client
    at ServerResponse.setHeader (node:_http_outgoing:699:11)
    at ServerResponse.header (C:\Users\Admin\Desktop\Founder_Institute_StartUp\proof-of-ship\pack-pal-monorepo\node_modules\.pnpm\express@5.1.0\node_modules\express\lib\response.js:684:10)
    at ServerResponse.send (C:\Users\Admin\Desktop\Founder_Institute_StartUp\proof-of-ship\pack-pal-monorepo\node_modules\.pnpm\express@5.1.0\node_modules\express\lib\response.js:161:12)
    at ServerResponse.json (C:\Users\Admin\Desktop\Founder_Institute_StartUp\proof-of-ship\pack-pal-monorepo\node_modules\.pnpm\express@5.1.0\node_modules\express\lib\response.js:250:15)
    at C:\Users\Admin\Desktop\Founder_Institute_StartUp\proof-of-ship\pack-pal-monorepo\apps\backend\src\modules\controllers\auth.controller.ts:122:25
    at processTicksAndRejections (node:internal/process/task_queues:105:5)
[2025-09-23T17:26:57.113Z] ERROR: Error: Cannot set headers after they are sent to the client
    at ServerResponse.setHeader (node:_http_outgoing:699:11)
    at ServerResponse.header (C:\Users\Admin\Desktop\Founder_Institute_StartUp\proof-of-ship\pack-pal-monorepo\node_modules\.pnpm\express@5.1.0\node_modules\express\lib\response.js:684:10)
    at ServerResponse.send (C:\Users\Admin\Desktop\Founder_Institute_StartUp\proof-of-ship\pack-pal-monorepo\node_modules\.pnpm\express@5.1.0\node_modules\express\lib\response.js:161:12)
    at ServerResponse.json (C:\Users\Admin\Desktop\Founder_Institute_StartUp\proof-of-ship\pack-pal-monorepo\node_modules\.pnpm\express@5.1.0\node_modules\express\lib\response.js:250:15)
    at C:\Users\Admin\Desktop\Founder_Institute_StartUp\proof-of-ship\pack-pal-monorepo\apps\backend\src\modules\controllers\auth.controller.ts:122:25
    at processTicksAndRejections (node:internal/process/task_queues:105:5)
